<?xml version="1.0" encoding="UTF-8"?>
<!-- Generated by org.testng.reporters.JUnitReportReporter -->
<testsuite skipped="0" hostname="DESKTOP-UELBI65" name="com.appium_sdet10.CameraApp" tests="1" failures="0" timestamp="8 Mar 2021 10:29:56 GMT" time="25.941" errors="0">
  <testcase name="cameraapp" time="25.941" classname="com.appium_sdet10.CameraApp"/>
</testsuite> <!-- com.appium_sdet10.CameraApp -->
