<?xml version="1.0" encoding="UTF-8"?>
<!-- Generated by org.testng.reporters.JUnitReportReporter -->
<testsuite skipped="0" hostname="DESKTOP-UELBI65" name="com.appium_sdet10.TouchScreenSwipe" tests="1" failures="0" timestamp="8 Mar 2021 04:25:33 GMT" time="14.547" errors="0">
  <testcase name="touchscreenswipe" time="14.547" classname="com.appium_sdet10.TouchScreenSwipe"/>
</testsuite> <!-- com.appium_sdet10.TouchScreenSwipe -->
