<?xml version="1.0" encoding="UTF-8"?>
<!-- Generated by org.testng.reporters.JUnitReportReporter -->
<testsuite skipped="0" hostname="DESKTOP-UELBI65" name="com.appium_sdet10.LaunchAppCalculator" tests="1" failures="0" timestamp="5 Mar 2021 07:30:05 GMT" time="17.894" errors="0">
  <testcase name="applaunch" time="17.894" classname="com.appium_sdet10.LaunchAppCalculator"/>
</testsuite> <!-- com.appium_sdet10.LaunchAppCalculator -->
