<?xml version="1.0" encoding="UTF-8"?>
<!-- Generated by org.testng.reporters.JUnitReportReporter -->
<testsuite skipped="0" hostname="DESKTOP-UELBI65" name="com.appium_sdet10.ApiDemosscrolling" tests="1" failures="0" timestamp="8 Mar 2021 04:39:52 GMT" time="19.945" errors="0">
  <testcase name="scrolling" time="19.945" classname="com.appium_sdet10.ApiDemosscrolling"/>
</testsuite> <!-- com.appium_sdet10.ApiDemosscrolling -->
