<?xml version="1.0" encoding="UTF-8"?>
<!-- Generated by org.testng.reporters.JUnitReportReporter -->
<testsuite skipped="0" hostname="DESKTOP-UELBI65" name="com.appium_sdet10.LaunchApp" tests="1" failures="0" timestamp="5 Mar 2021 06:28:12 GMT" time="19.551" errors="0">
  <testcase name="applaunch" time="19.551" classname="com.appium_sdet10.LaunchApp"/>
</testsuite> <!-- com.appium_sdet10.LaunchApp -->
