<?xml version="1.0" encoding="UTF-8"?>
<!-- Generated by org.testng.reporters.JUnitReportReporter -->
<testsuite skipped="0" hostname="DESKTOP-UELBI65" name="com.appium_sdet10.LaunchApiDemos" tests="1" failures="0" timestamp="5 Mar 2021 07:18:00 GMT" time="13.860" errors="0">
  <testcase name="launchapidemos" time="13.860" classname="com.appium_sdet10.LaunchApiDemos"/>
</testsuite> <!-- com.appium_sdet10.LaunchApiDemos -->
