<?xml version="1.0" encoding="UTF-8"?>
<!-- Generated by org.testng.reporters.JUnitReportReporter -->
<testsuite skipped="0" hostname="DESKTOP-UELBI65" name="com.appium_sdet10.GeneralStoreScrolling" tests="1" failures="0" timestamp="10 Mar 2021 04:55:07 GMT" time="102.451" errors="0">
  <testcase name="storescroll" time="102.451" classname="com.appium_sdet10.GeneralStoreScrolling"/>
</testsuite> <!-- com.appium_sdet10.GeneralStoreScrolling -->
