<?xml version="1.0" encoding="UTF-8"?>
<!-- Generated by org.testng.reporters.JUnitReportReporter -->
<testsuite skipped="0" hostname="DESKTOP-UELBI65" name="com.appium_sdet10.Hello" tests="1" failures="0" timestamp="4 Mar 2021 04:56:56 GMT" time="0.014" errors="0">
  <testcase name="hello" time="0.014" classname="com.appium_sdet10.Hello"/>
</testsuite> <!-- com.appium_sdet10.Hello -->
