<?xml version="1.0" encoding="UTF-8"?>
<!-- Generated by org.testng.reporters.JUnitReportReporter -->
<testsuite skipped="0" hostname="DESKTOP-UELBI65" name="com.appium_sdet10.HandleToastMessage" tests="1" failures="0" timestamp="10 Mar 2021 06:07:39 GMT" time="22.001" errors="0">
  <testcase name="toastmessage" time="22.001" classname="com.appium_sdet10.HandleToastMessage"/>
</testsuite> <!-- com.appium_sdet10.HandleToastMessage -->
