<?xml version="1.0" encoding="UTF-8"?>
<!-- Generated by org.testng.reporters.JUnitReportReporter -->
<testsuite skipped="0" hostname="DESKTOP-UELBI65" name="com.appium_sdet10.interConnection" tests="1" failures="0" timestamp="10 Mar 2021 08:05:33 GMT" time="30.042" errors="0">
  <testcase name="conn" time="30.042" classname="com.appium_sdet10.interConnection"/>
</testsuite> <!-- com.appium_sdet10.interConnection -->
