<?xml version="1.0" encoding="UTF-8"?>
<!-- Generated by org.testng.reporters.JUnitReportReporter -->
<testsuite skipped="0" hostname="DESKTOP-UELBI65" name="com.appium_sdet10.ChromeDriver" tests="1" failures="0" timestamp="9 Mar 2021 06:25:19 GMT" time="46.240" errors="0">
  <testcase name="chromelaunch" time="46.240" classname="com.appium_sdet10.ChromeDriver"/>
</testsuite> <!-- com.appium_sdet10.ChromeDriver -->
