<?xml version="1.0" encoding="UTF-8"?>
<!-- Generated by org.testng.reporters.JUnitReportReporter -->
<testsuite skipped="0" hostname="DESKTOP-UELBI65" name="com.genericutility.Calculator" tests="1" failures="0" timestamp="5 Mar 2021 08:20:25 GMT" time="20.093" errors="0">
  <testcase name="applaunch" time="20.093" classname="com.genericutility.Calculator"/>
</testsuite> <!-- com.genericutility.Calculator -->
