<?xml version="1.0" encoding="UTF-8"?>
<!-- Generated by org.testng.reporters.JUnitReportReporter -->
<testsuite skipped="0" hostname="DESKTOP-UELBI65" name="com.appium_sdet10.ApiDemosDragnDrop" tests="1" failures="0" timestamp="10 Mar 2021 05:28:57 GMT" time="21.089" errors="0">
  <testcase name="draganddrop" time="21.089" classname="com.appium_sdet10.ApiDemosDragnDrop"/>
</testsuite> <!-- com.appium_sdet10.ApiDemosDragnDrop -->
