<?xml version="1.0" encoding="UTF-8"?>
<!-- Generated by org.testng.reporters.JUnitReportReporter -->
<testsuite skipped="0" hostname="DESKTOP-UELBI65" name="com.appium_sdet10.InstallApp" tests="1" failures="0" timestamp="5 Mar 2021 11:24:15 GMT" time="104.790" errors="0">
  <testcase name="installapp01" time="104.790" classname="com.appium_sdet10.InstallApp"/>
</testsuite> <!-- com.appium_sdet10.InstallApp -->
