<?xml version="1.0" encoding="UTF-8"?>
<!-- Generated by org.testng.reporters.JUnitReportReporter -->
<testsuite skipped="0" hostname="DESKTOP-UELBI65" name="com.appium_sdet10.LaunchApp01" tests="1" failures="0" timestamp="4 Mar 2021 10:07:32 GMT" time="26.432" errors="0">
  <testcase name="launchapp01" time="26.432" classname="com.appium_sdet10.LaunchApp01"/>
</testsuite> <!-- com.appium_sdet10.LaunchApp01 -->
