<?xml version="1.0" encoding="UTF-8"?>
<!-- Generated by org.testng.reporters.JUnitReportReporter -->
<testsuite skipped="0" hostname="DESKTOP-UELBI65" name="com.appium_sdet10.ScaleView" tests="1" failures="0" timestamp="9 Mar 2021 04:44:45 GMT" time="24.540" errors="0">
  <testcase name="scaleView" time="24.540" classname="com.appium_sdet10.ScaleView"/>
</testsuite> <!-- com.appium_sdet10.ScaleView -->
