<?xml version="1.0" encoding="UTF-8"?>
<!-- Generated by org.testng.reporters.JUnitReportReporter -->
<testsuite skipped="0" hostname="DESKTOP-UELBI65" name="com.appium_sdet10.GeneralStoreCart" tests="1" failures="0" timestamp="10 Mar 2021 07:13:07 GMT" time="63.277" errors="0">
  <testcase name="cartlaunch" time="63.277" classname="com.appium_sdet10.GeneralStoreCart"/>
</testsuite> <!-- com.appium_sdet10.GeneralStoreCart -->
