<?xml version="1.0" encoding="UTF-8"?>
<!-- Generated by org.testng.reporters.JUnitReportReporter -->
<testsuite skipped="0" hostname="DESKTOP-UELBI65" name="com.appium_sdet10.LaunchTouchScreen" tests="1" failures="0" timestamp="4 Mar 2021 10:52:36 GMT" time="15.329" errors="0">
  <testcase name="launchtouchscreen" time="15.329" classname="com.appium_sdet10.LaunchTouchScreen"/>
</testsuite> <!-- com.appium_sdet10.LaunchTouchScreen -->
