<?xml version="1.0" encoding="UTF-8"?>
<!-- Generated by org.testng.reporters.JUnitReportReporter -->
<testsuite skipped="0" hostname="DESKTOP-UELBI65" name="com.appium_sdet10.NotificationReminder" tests="1" failures="0" timestamp="8 Mar 2021 12:24:21 GMT" time="18.942" errors="0">
  <testcase name="notifyreminder" time="18.942" classname="com.appium_sdet10.NotificationReminder"/>
</testsuite> <!-- com.appium_sdet10.NotificationReminder -->
