<?xml version="1.0" encoding="UTF-8"?>
<!-- Generated by org.testng.reporters.JUnitReportReporter -->
<testsuite skipped="0" hostname="DESKTOP-UELBI65" name="com.appium_sdet10.Calculator" tests="1" failures="0" timestamp="10 Mar 2021 06:15:34 GMT" time="22.643" errors="0">
  <testcase name="applaunch" time="22.643" classname="com.appium_sdet10.Calculator"/>
</testsuite> <!-- com.appium_sdet10.Calculator -->
